01.01.2008 00:00:00.00	3600
# Startzeit   [h] -> [s]
# 	1: dump all; 0:dump for surface nodes
0	1
12	1
24	1
36	1
48	1
60	1
72	1
84	1
96	1
108	1
120	1
132	1
144	1
156	1
168	1
180	1
192	1
204	1
216	1
228	1
240	1
252	1
264	1
276	1
288	1
300	1
312	1
324	1
336	1
348	1
360	1
372	1
384	1
396	1
408	1
420	1
432	1
444	1
456	1
468	1
480	1
492	1
504	1
516	1
528	1
540	1
552	1
564	1
576	1
588	1
600	1
612	1
624	1
636	1
648	1
660	1
672	1
684	1
696	1
708	1
720	1
732	1
744	1
756	1
768	1
780	1
792	1
804	1
816	1
828	1
840	1
852	1
864	1
876	1
888	1
900	1
912	1
924	1
936	1
948	1
960	1
972	1
984	1
996	1
1008	1
1020	1
1032	1
1044	1
1056	1
1068	1
1080	1
1092	1
1104	1
1116	1
1128	1
1140	1
1152	1
1164	1
1176	1
1188	1
1200	1
1212	1
1224	1
1236	1
1248	1
1260	1
1272	1
1284	1
1296	1
1308	1
1320	1
1332	1
1344	1
1356	1
1368	1
1380	1
1392	1
1404	1
1416	1
1428	1
1440	1
1452	1
1464	1
1476	1
1488	1
1500	1
1512	1
1524	1
1536	1
1548	1
1560	1
1572	1
1584	1
1596	1
1608	1
1620	1
1632	1
1644	1
1656	1
1668	1
1680	1
1692	1
1704	1
1716	1
1728	1
1740	1
1752	1
1764	1
1776	1
1788	1
1800	1
1812	1
1824	1
1836	1
1848	1
1860	1
1872	1
1884	1
1896	1
1908	1
1920	1
1932	1
1944	1
1956	1
1968	1
1980	1
1992	1
2004	1
2016	1
2028	1
2040	1
2052	1
2064	1
2076	1
2088	1
2100	1
2112	1
2124	1
2136	1
2148	1
2160	1
2172	1
2184	1
2196	1
2208	1
2220	1
2232	1
2244	1
2256	1
2268	1
2280	1
2292	1
2304	1
2316	1
2328	1
2340	1
2352	1
2364	1
2376	1
2388	1
2400	1
2412	1
2424	1
2436	1
2448	1
2460	1
2472	1
2484	1
2496	1
2508	1
2520	1
2532	1
2544	1
2556	1
2568	1
2580	1
2592	1
2604	1
2616	1
2628	1
2640	1
2652	1
2664	1
2676	1
2688	1
2700	1
2712	1
2724	1
2736	1
2748	1
2760	1
2772	1
2784	1
2796	1
2808	1
2820	1
2832	1
2844	1
2856	1
2868	1
2880	1
2892	1
2904	1
2916	1
2928	1
2940	1
2952	1
2964	1
2976	1
2988	1
3000	1
3012	1
3024	1
3036	1
3048	1
3060	1
3072	1
3084	1
3096	1
3108	1
3120	1
3132	1
3144	1
3156	1
3168	1
3180	1
3192	1
3204	1
3216	1
3228	1
3240	1
3252	1
3264	1
3276	1
3288	1
3300	1
3312	1
3324	1
3336	1
3348	1
3360	1
3372	1
3384	1
3396	1
3408	1
3420	1
3432	1
3444	1
3456	1
3468	1
3480	1
3492	1
3504	1
3516	1
3528	1
3540	1
3552	1
3564	1
3576	1
3588	1
3600	1
3612	1
3624	1
3636	1
3648	1
3660	1
3672	1
3684	1
3696	1
3708	1
3720	1
3732	1
3744	1
3756	1
3768	1
3780	1
3792	1
3804	1
3816	1
3828	1
3840	1
3852	1
3864	1
3876	1
3888	1
3900	1
3912	1
3924	1
3936	1
3948	1
3960	1
3972	1
3984	1
3996	1
4008	1
4020	1
4032	1
4044	1
4056	1
4068	1
4080	1
4092	1
4104	1
4116	1
4128	1
4140	1
4152	1
4164	1
4176	1
4188	1
4200	1
4212	1
4224	1
4236	1
4248	1
4260	1
4272	1
4284	1
4296	1
4308	1
4320	1
4332	1
4344	1
4356	1
4368	1
4380	1
4392	1
4404	1
4416	1
4428	1
4440	1
4452	1
4464	1
4476	1
4488	1
4500	1
4512	1
4524	1
4536	1
4548	1
4560	1
4572	1
4584	1
4596	1
4608	1
4620	1
4632	1
4644	1
4656	1
4668	1
4680	1
4692	1
4704	1
4716	1
4728	1
4740	1
4752	1
4764	1
4776	1
4788	1
4800	1
4812	1
4824	1
4836	1
4848	1
4860	1
4872	1
4884	1
4896	1
4908	1
4920	1
4932	1
4944	1
4956	1
4968	1
4980	1
4992	1
5004	1
5016	1
5028	1
5040	1
5052	1
5064	1
5076	1
5088	1
5100	1
5112	1
5124	1
5136	1
5148	1
5160	1
5172	1
5184	1
5196	1
5208	1
5220	1
5232	1
5244	1
5256	1
5268	1
5280	1
5292	1
5304	1
5316	1
5328	1
5340	1
5352	1
5364	1
5376	1
5388	1
5400	1
5412	1
5424	1
5436	1
5448	1
5460	1
5472	1
5484	1
5496	1
5508	1
5520	1
5532	1
5544	1
5556	1
5568	1
5580	1
5592	1
5604	1
5616	1
5628	1
5640	1
5652	1
5664	1
5676	1
5688	1
5700	1
5712	1
5724	1
5736	1
5748	1
5760	1
5772	1
5784	1
5796	1
5808	1
5820	1
5832	1
5844	1
5856	1
5868	1
5880	1
5892	1
5904	1
5916	1
5928	1
5940	1
5952	1
5964	1
5976	1
5988	1
6000	1
6012	1
6024	1
6036	1
6048	1
6060	1
6072	1
6084	1
6096	1
6108	1
6120	1
6132	1
6144	1
6156	1
6168	1
6180	1
6192	1
6204	1
6216	1
6228	1
6240	1
6252	1
6264	1
6276	1
6288	1
6300	1
6312	1
6324	1
6336	1
6348	1
6360	1
6372	1
6384	1
6396	1
6408	1
6420	1
6432	1
6444	1
6456	1
6468	1
6480	1
6492	1
6504	1
6516	1
6528	1
6540	1
6552	1
6564	1
6576	1
6588	1
6600	1
6612	1
6624	1
6636	1
6648	1
6660	1
6672	1
6684	1
6696	1
6708	1
6720	1
6732	1
6744	1
6756	1
6768	1
6780	1
6792	1
6804	1
6816	1
6828	1
6840	1
6852	1
6864	1
6876	1
6888	1
6900	1
6912	1
6924	1
6936	1
6948	1
6960	1
6972	1
6984	1
6996	1
7008	1
7020	1
7032	1
7044	1
7056	1
7068	1
7080	1
7092	1
7104	1
7116	1
7128	1
7140	1
7152	1
7164	1
7176	1
7188	1
7200	1
7212	1
7224	1
7236	1
7248	1
7260	1
7272	1
7284	1
7296	1
7308	1
7320	1
7332	1
7344	1
7356	1
7368	1
7380	1
7392	1
7404	1
7416	1
7428	1
7440	1
7452	1
7464	1
7476	1
7488	1
7500	1
7512	1
7524	1
7536	1
7548	1
7560	1
7572	1
7584	1
7596	1
7608	1
7620	1
7632	1
7644	1
7656	1
7668	1
7680	1
7692	1
7704	1
7716	1
7728	1
7740	1
7752	1
7764	1
7776	1
7788	1
7800	1
7812	1
7824	1
7836	1
7848	1
7860	1
7872	1
7884	1
7896	1
7908	1
7920	1
7932	1
7944	1
7956	1
7968	1
7980	1
7992	1
8004	1
8016	1
8028	1
8040	1
8052	1
8064	1
8076	1
8088	1
8100	1
8112	1
8124	1
8136	1
8148	1
8160	1
8172	1
8184	1
8196	1
8208	1
8220	1
8232	1
8244	1
8256	1
8268	1
8280	1
8292	1
8304	1
8316	1
8328	1
8340	1
8352	1
8364	1
8376	1
8388	1
8400	1
8412	1
8424	1
8436	1
8448	1
8460	1
8472	1
8484	1
8496	1
8508	1
8520	1
8532	1
8544	1
8556	1
8568	1
8580	1
8592	1
8604	1
8616	1
8628	1
8640	1
8652	1
8664	1
8676	1
8688	1
8700	1
8712	1
8724	1
8736	1
8748	1
8760	1
8772	1
8784	1
8796	1
8808	1
8820	1
8832	1
8844	1
8856	1
8868	1
8880	1
8892	1
8904	1
8916	1
8928	1
8940	1
8952	1
8964	1
8976	1
8988	1
9000	1
9012	1
9024	1
9036	1
9048	1
9060	1
9072	1
9084	1
9096	1
9108	1
9120	1
9132	1
9144	1
9156	1
9168	1
9180	1
9192	1
9204	1
9216	1
9228	1
9240	1
9252	1
9264	1
9276	1
9288	1
9300	1
9312	1
9324	1
9336	1
9348	1
9360	1
9372	1
9384	1
9396	1
9408	1
9420	1
9432	1
9444	1
9456	1
9468	1
9480	1
9492	1
9504	1
9516	1
9528	1
9540	1
9552	1
9564	1
9576	1
9588	1
9600	1
9612	1
9624	1
9636	1
9648	1
9660	1
9672	1
9684	1
9696	1
9708	1
9720	1
9732	1
9744	1
9756	1
9768	1
9780	1
9792	1
9804	1
9816	1
9828	1
9840	1
9852	1
9864	1
9876	1
9888	1
9900	1
9912	1
9924	1
9936	1
9948	1
9960	1
9972	1
9984	1
9996	1
10008	1
10020	1
10032	1
10044	1
10056	1
10068	1
10080	1
10092	1
10104	1
10116	1
10128	1
10140	1
10152	1
10164	1
10176	1
10188	1
10200	1
10212	1
10224	1
10236	1
10248	1
10260	1
10272	1
10284	1
10296	1
10308	1
10320	1
10332	1
10344	1
10356	1
10368	1
10380	1
10392	1
10404	1
10416	1
10428	1
10440	1
10452	1
10464	1
10476	1
10488	1
10500	1
10512	1
10524	1
10536	1
10548	1
10560	1
10572	1
10584	1
10596	1
10608	1
10620	1
10632	1
10644	1
10656	1
10668	1
10680	1
10692	1
10704	1
10716	1
10728	1
10740	1
10752	1
10764	1
10776	1
10788	1
10800	1
10812	1
10824	1
10836	1
10848	1
10860	1
10872	1
10884	1
10896	1
10908	1
10920	1
10932	1
10944	1
10956	1
10968	1
10980	1
10992	1
11004	1
11016	1
11028	1
11040	1
11052	1
11064	1
11076	1
11088	1
11100	1
11112	1
11124	1
11136	1
11148	1
11160	1
11172	1
11184	1
11196	1
11208	1
11220	1
11232	1
11244	1
11256	1
11268	1
11280	1
11292	1
11304	1
11316	1
11328	1
11340	1
11352	1
11364	1
11376	1
11388	1
11400	1
11412	1
11424	1
11436	1
11448	1
11460	1
11472	1
11484	1
11496	1
11508	1
11520	1
11532	1
11544	1
11556	1
11568	1
11580	1
11592	1
11604	1
11616	1
11628	1
11640	1
11652	1
11664	1
11676	1
11688	1
11700	1
11712	1
11724	1
11736	1
11748	1
11760	1
11772	1
11784	1
11796	1
11808	1
11820	1
11832	1
11844	1
11856	1
11868	1
11880	1
11892	1
11904	1
11916	1
11928	1
11940	1
11952	1
11964	1
11976	1
11988	1
12000	1
12012	1
12024	1
12036	1
12048	1
12060	1
12072	1
12084	1
12096	1
12108	1
12120	1
12132	1
12144	1
12156	1
12168	1
12180	1
12192	1
12204	1
12216	1
12228	1
12240	1
12252	1
12264	1
12276	1
12288	1
12300	1
12312	1
12324	1
12336	1
12348	1
12360	1
12372	1
12384	1
12396	1
12408	1
12420	1
12432	1
12444	1
12456	1
12468	1
12480	1
12492	1
12504	1
12516	1
12528	1
12540	1
12552	1
12564	1
12576	1
12588	1
12600	1
12612	1
12624	1
12636	1
12648	1
12660	1
12672	1
12684	1
12696	1
12708	1
12720	1
12732	1
12744	1
12756	1
12768	1
12780	1
12792	1
12804	1
12816	1
12828	1
12840	1
12852	1
12864	1
12876	1
12888	1
12900	1
12912	1
12924	1
12936	1
12948	1
12960	1
12972	1
12984	1
12996	1
13008	1
13020	1
13032	1
13044	1
13056	1
13068	1
13080	1
13092	1
13104	1
13116	1
13128	1
13140	1
13152	1
13164	1
13176	1
13188	1
13200	1
13212	1
13224	1
13236	1
13248	1
13260	1
13272	1
13284	1
13296	1
13308	1
13320	1
13332	1
13344	1
13356	1
13368	1
13380	1
13392	1
13404	1
13416	1
13428	1
13440	1
13452	1
13464	1
13476	1
13488	1
13500	1
13512	1
13524	1
13536	1
13548	1
13560	1
13572	1
13584	1
13596	1
13608	1
13620	1
13632	1
13644	1
13656	1
13668	1
13680	1
13692	1
13704	1
13716	1
13728	1
13740	1
13752	1
13764	1
13776	1
13788	1
13800	1
13812	1
13824	1
13836	1
13848	1
13860	1
13872	1
13884	1
13896	1
13908	1
13920	1
13932	1
13944	1
13956	1
13968	1
13980	1
13992	1
14004	1
14016	1
14028	1
14040	1
14052	1
14064	1
14076	1
14088	1
14100	1
14112	1
14124	1
14136	1
14148	1
14160	1
14172	1
14184	1
14196	1
14208	1
14220	1
14232	1
14244	1
14256	1
14268	1
14280	1
14292	1
14304	1
14316	1
14328	1
14340	1
14352	1
14364	1
14376	1
14388	1
14400	1
14412	1
14424	1
14436	1
14448	1
14460	1
14472	1
14484	1
14496	1
14508	1
14520	1
14532	1
14544	1
14556	1
14568	1
14580	1
14592	1
14604	1
14616	1
14628	1
14640	1
14652	1
14664	1
14676	1
14688	1
14700	1
14712	1
14724	1
14736	1
14748	1
14760	1
14772	1
14784	1
14796	1
14808	1
14820	1
14832	1
14844	1
14856	1
14868	1
14880	1
14892	1
14904	1
14916	1
14928	1
14940	1
14952	1
14964	1
14976	1
14988	1
15000	1
15012	1
15024	1
15036	1
15048	1
15060	1
15072	1
15084	1
15096	1
15108	1
15120	1
15132	1
15144	1
15156	1
15168	1
15180	1
15192	1
15204	1
15216	1
15228	1
15240	1
15252	1
15264	1
15276	1
15288	1
15300	1
15312	1
15324	1
15336	1
15348	1
15360	1
15372	1
15384	1
15396	1
15408	1
15420	1
15432	1
15444	1
15456	1
15468	1
15480	1
15492	1
15504	1
15516	1
15528	1
15540	1
15552	1
15564	1
15576	1
15588	1
15600	1
15612	1
15624	1
15636	1
15648	1
15660	1
15672	1
15684	1
15696	1
15708	1
15720	1
15732	1
15744	1
15756	1
15768	1
15780	1
15792	1
15804	1
15816	1
15828	1
15840	1
15852	1
15864	1
15876	1
15888	1
15900	1
15912	1
15924	1
15936	1
15948	1
15960	1
15972	1
15984	1
15996	1
16008	1
16020	1
16032	1
16044	1
16056	1
16068	1
16080	1
16092	1
16104	1
16116	1
16128	1
16140	1
16152	1
16164	1
16176	1
16188	1
16200	1
16212	1
16224	1
16236	1
16248	1
16260	1
16272	1
16284	1
16296	1
16308	1
16320	1
16332	1
16344	1
16356	1
16368	1
16380	1
16392	1
16404	1
16416	1
16428	1
16440	1
16452	1
16464	1
16476	1
16488	1
16500	1
16512	1
16524	1
16536	1
16548	1
16560	1
16572	1
16584	1
16596	1
16608	1
16620	1
16632	1
16644	1
16656	1
16668	1
16680	1
16692	1
16704	1
16716	1
16728	1
16740	1
16752	1
16764	1
16776	1
16788	1
16800	1
16812	1
16824	1
16836	1
16848	1
16860	1
16872	1
16884	1
16896	1
16908	1
16920	1
16932	1
16944	1
16956	1
16968	1
16980	1
16992	1
17004	1
17016	1
17028	1
17040	1
17052	1
17064	1
17076	1
17088	1
17100	1
17112	1
17124	1
17136	1
17148	1
17160	1
17172	1
17184	1
17196	1
17208	1
17220	1
17232	1
17244	1
17256	1
17268	1
17280	1
17292	1
17304	1
17316	1
17328	1
17340	1
17352	1
17364	1
17376	1
17388	1
17400	1
17412	1
17424	1
17436	1
17448	1
17460	1
17472	1
17484	1
17496	1
17508	1
17520	1
17532	1
17544	1
17556	1
17568	1
17580	1
17592	1
17604	1
17616	1
17628	1
17640	1
17652	1
17664	1
17676	1
17688	1
17700	1
17712	1
17724	1
17736	1
17748	1
17760	1
17772	1
17784	1
17796	1
17808	1
17820	1
17832	1
17844	1
17856	1
17868	1
17880	1
17892	1
17904	1
17916	1
17928	1
17940	1
17952	1
17964	1
17976	1
17988	1
18000	1
18012	1
18024	1
18036	1
18048	1
18060	1
18072	1
18084	1
18096	1
18108	1
18120	1
18132	1
18144	1
18156	1
18168	1
18180	1
18192	1
18204	1
18216	1
18228	1
18240	1
18252	1
18264	1
18276	1
18288	1
18300	1
18312	1
18324	1
18336	1
18348	1
18360	1
18372	1
18384	1
18396	1
18408	1
18420	1
18432	1
18444	1
18456	1
18468	1
18480	1
18492	1
18504	1
18516	1
18528	1
18540	1
18552	1
18564	1
18576	1
18588	1
18600	1
18612	1
18624	1
18636	1
18648	1
18660	1
18672	1
18684	1
18696	1
18708	1
18720	1
18732	1
18744	1
18756	1
18768	1
18780	1
18792	1
18804	1
18816	1
18828	1
18840	1
18852	1
18864	1
18876	1
18888	1
18900	1
18912	1
18924	1
18936	1
18948	1
18960	1
18972	1
18984	1
18996	1
19008	1
19020	1
19032	1
19044	1
19056	1
19068	1
19080	1
19092	1
19104	1
19116	1
19128	1
19140	1
19152	1
19164	1
19176	1
19188	1
19200	1
19212	1
19224	1
19236	1
19248	1
19260	1
19272	1
19284	1
19296	1
19308	1
19320	1
19332	1
19344	1
19356	1
19368	1
19380	1
19392	1
19404	1
19416	1
19428	1
19440	1
19452	1
19464	1
19476	1
19488	1
19500	1
19512	1
19524	1
19536	1
19548	1
19560	1
19572	1
19584	1
19596	1
19608	1
19620	1
19632	1
19644	1
19656	1
19668	1
19680	1
19692	1
19704	1
19716	1
19728	1
19740	1
19752	1
19764	1
19776	1
19788	1
19800	1
19812	1
19824	1
19836	1
19848	1
19860	1
19872	1
19884	1
19896	1
19908	1
19920	1
19932	1
19944	1
19956	1
19968	1
19980	1
19992	1
20004	1
20016	1
20028	1
20040	1
20052	1
20064	1
20076	1
20088	1
20100	1
20112	1
20124	1
20136	1
20148	1
20160	1
20172	1
20184	1
20196	1
20208	1
20220	1
20232	1
20244	1
20256	1
20268	1
20280	1
20292	1
20304	1
20316	1
20328	1
20340	1
20352	1
20364	1
20376	1
20388	1
20400	1
20412	1
20424	1
20436	1
20448	1
20460	1
20472	1
20484	1
20496	1
20508	1
20520	1
20532	1
20544	1
20556	1
20568	1
20580	1
20592	1
20604	1
20616	1
20628	1
20640	1
20652	1
20664	1
20676	1
20688	1
20700	1
20712	1
20724	1
20736	1
20748	1
20760	1
20772	1
20784	1
20796	1
20808	1
20820	1
20832	1
20844	1
20856	1
20868	1
20880	1
20892	1
20904	1
20916	1
20928	1
20940	1
20952	1
20964	1
20976	1
20988	1
21000	1
21012	1
21024	1
21036	1
21048	1
21060	1
21072	1
21084	1
21096	1
21108	1
21120	1
21132	1
21144	1
21156	1
21168	1
21180	1
21192	1
21204	1
21216	1
21228	1
21240	1
21252	1
21264	1
21276	1
21288	1
21300	1
21312	1
21324	1
21336	1
21348	1
21360	1
21372	1
21384	1
21396	1
21408	1
21420	1
21432	1
21444	1
21456	1
21468	1
21480	1
21492	1
21504	1
21516	1
21528	1
21540	1
21552	1
21564	1
21576	1
21588	1
21600	1
21612	1
21624	1
21636	1
21648	1
21660	1
21672	1
21684	1
21696	1
21708	1
21720	1
21732	1
21744	1
21756	1
21768	1
21780	1
21792	1
21804	1
21816	1
21828	1
21840	1
21852	1
21864	1
21876	1
21888	1
21900	1
21912	1
21924	1
21936	1
21948	1
21960	1
21972	1
21984	1
21996	1
22008	1
22020	1
22032	1
22044	1
22056	1
22068	1
22080	1
22092	1
22104	1
22116	1
22128	1
22140	1
22152	1
22164	1
22176	1
22188	1
22200	1
22212	1
22224	1
22236	1
22248	1
22260	1
22272	1
22284	1
22296	1
22308	1
22320	1
22332	1
22344	1
22356	1
22368	1
22380	1
22392	1
22404	1
22416	1
22428	1
22440	1
22452	1
22464	1
22476	1
22488	1
22500	1
22512	1
22524	1
22536	1
22548	1
22560	1
22572	1
22584	1
22596	1
22608	1
22620	1
22632	1
22644	1
22656	1
22668	1
22680	1
22692	1
22704	1
22716	1
22728	1
22740	1
22752	1
22764	1
22776	1
22788	1
22800	1
22812	1
22824	1
22836	1
22848	1
22860	1
22872	1
22884	1
22896	1
22908	1
22920	1
22932	1
22944	1
22956	1
22968	1
22980	1
22992	1
23004	1
23016	1
23028	1
23040	1
23052	1
23064	1
23076	1
23088	1
23100	1
23112	1
23124	1
23136	1
23148	1
23160	1
23172	1
23184	1
23196	1
23208	1
23220	1
23232	1
23244	1
23256	1
23268	1
23280	1
23292	1
23304	1
23316	1
23328	1
23340	1
23352	1
23364	1
23376	1
23388	1
23400	1
23412	1
23424	1
23436	1
23448	1
23460	1
23472	1
23484	1
23496	1
23508	1
23520	1
23532	1
23544	1
23556	1
23568	1
23580	1
23592	1
23604	1
23616	1
23628	1
23640	1
23652	1
23664	1
23676	1
23688	1
23700	1
23712	1
23724	1
23736	1
23748	1
23760	1
23772	1
23784	1
23796	1
23808	1
23820	1
23832	1
23844	1
23856	1
23868	1
23880	1
23892	1
23904	1
23916	1
23928	1
23940	1
23952	1
23964	1
23976	1
23988	1
24000	1
24012	1
24024	1
24036	1
24048	1
24060	1
24072	1
24084	1
24096	1
24108	1
24120	1
24132	1
24144	1
24156	1
24168	1
24180	1
24192	1
24204	1
24216	1
24228	1
24240	1
24252	1
24264	1
24276	1
24288	1
24300	1
24312	1
24324	1
24336	1
24348	1
24360	1
24372	1
24384	1
24396	1
24408	1
24420	1
24432	1
24444	1
24456	1
24468	1
24480	1
24492	1
24504	1
24516	1
24528	1
24540	1
24552	1
24564	1
24576	1
24588	1
24600	1
24612	1
24624	1
24636	1
24648	1
24660	1
24672	1
24684	1
24696	1
24708	1
24720	1
24732	1
24744	1
24756	1
24768	1
24780	1
24792	1
24804	1
24816	1
24828	1
24840	1
24852	1
24864	1
24876	1
24888	1
24900	1
24912	1
24924	1
24936	1
24948	1
24960	1
24972	1
24984	1
24996	1
25008	1
25020	1
25032	1
25044	1
25056	1
25068	1
25080	1
25092	1
25104	1
25116	1
25128	1
25140	1
25152	1
25164	1
25176	1
25188	1
25200	1
25212	1
25224	1
25236	1
25248	1
25260	1
25272	1
25284	1
25296	1
25308	1
25320	1
25332	1
25344	1
25356	1
25368	1
25380	1
25392	1
25404	1
25416	1
25428	1
25440	1
25452	1
25464	1
25476	1
25488	1
25500	1
25512	1
25524	1
25536	1
25548	1
25560	1
25572	1
25584	1
25596	1
25608	1
25620	1
25632	1
25644	1
25656	1
25668	1
25680	1
25692	1
25704	1
25716	1
25728	1
25740	1
25752	1
25764	1
25776	1
25788	1
25800	1
25812	1
25824	1
25836	1
25848	1
25860	1
25872	1
25884	1
25896	1
25908	1
25920	1
25932	1
25944	1
25956	1
25968	1
25980	1
25992	1
26004	1
26016	1
26028	1
26040	1
26052	1
26064	1
26076	1
26088	1
26100	1
26112	1
26124	1
26136	1
26148	1
26160	1
26172	1
26184	1
26196	1
26208	1
26220	1
26232	1
26244	1
26256	1
26268	1
26280	1
26292	1
26304	1
26316	1
26328	1
26340	1
26352	1
26364	1
26376	1
26388	1
26400	1
26412	1
26424	1
26436	1
26448	1
26460	1
26472	1
26484	1
26496	1
26508	1
26520	1
26532	1
26544	1
26556	1
26568	1
26580	1
26592	1
26604	1
26616	1
26628	1
26640	1
26652	1
26664	1
26676	1
26688	1
26700	1
26712	1
26724	1
26736	1
26748	1
26760	1
26772	1
26784	1
26796	1
26808	1
26820	1
26832	1
26844	1
26856	1
26868	1
26880	1
26892	1
26904	1
26916	1
26928	1
26940	1
26952	1
26964	1
26976	1
26988	1
27000	1
27012	1
27024	1
27036	1
27048	1
27060	1
27072	1
27084	1
27096	1
27108	1
27120	1
27132	1
27144	1
27156	1
27168	1
27180	1
27192	1
27204	1
27216	1
27228	1
27240	1
27252	1
27264	1
27276	1
27288	1
27300	1
27312	1
27324	1
27336	1
27348	1
27360	1
27372	1
27384	1
27396	1
27408	1
27420	1
27432	1
27444	1
27456	1
27468	1
27480	1
27492	1
27504	1
27516	1
27528	1
27540	1
27552	1
27564	1
27576	1
27588	1
27600	1
27612	1
27624	1
27636	1
27648	1
27660	1
27672	1
27684	1
27696	1
27708	1
27720	1
27732	1
27744	1
27756	1
27768	1
27780	1
27792	1
27804	1
27816	1
27828	1
27840	1
27852	1
27864	1
27876	1
27888	1
27900	1
27912	1
27924	1
27936	1
27948	1
27960	1
27972	1
27984	1
27996	1
28008	1
28020	1
28032	1
28044	1
28056	1
28068	1
28080	1
28092	1
28104	1
28116	1
28128	1
28140	1
28152	1
28164	1
28176	1
28188	1
28200	1
28212	1
28224	1
28236	1
28248	1
28260	1
28272	1
28284	1
28296	1
28308	1
28320	1
28332	1
28344	1
28356	1
28368	1
28380	1
28392	1
28404	1
28416	1
28428	1
28440	1
28452	1
28464	1
28476	1
28488	1
28500	1
28512	1
28524	1
28536	1
28548	1
28560	1
28572	1
28584	1
28596	1
28608	1
28620	1
28632	1
28644	1
28656	1
28668	1
28680	1
28692	1
28704	1
28716	1
28728	1
28740	1
28752	1
28764	1
28776	1
28788	1
28800	1
28812	1
28824	1
28836	1
28848	1
28860	1
28872	1
28884	1
28896	1
28908	1
28920	1
28932	1
28944	1
28956	1
28968	1
28980	1
28992	1
29004	1
29016	1
29028	1
29040	1
29052	1
29064	1
29076	1
29088	1
29100	1
29112	1
29124	1
29136	1
29148	1
29160	1
29172	1
29184	1
29196	1
29208	1
29220	1
29232	1
29244	1
29256	1
29268	1
29280	1
29292	1
29304	1
29316	1
29328	1
29340	1
29352	1
29364	1
29376	1
29388	1
29400	1
29412	1
29424	1
29436	1
29448	1
29460	1
29472	1
29484	1
29496	1
29508	1
29520	1
29532	1
29544	1
29556	1
29568	1
29580	1
29592	1
29604	1
29616	1
29628	1
29640	1
29652	1
29664	1
29676	1
29688	1
29700	1
29712	1
29724	1
29736	1
29748	1
29760	1
29772	1
29784	1
29796	1
29808	1
29820	1
29832	1
29844	1
29856	1
29868	1
29880	1
29892	1
29904	1
29916	1
29928	1
29940	1
29952	1
29964	1
29976	1
29988	1
30000	1
30012	1
30024	1
30036	1
30048	1
30060	1
30072	1
30084	1
30096	1
30108	1
30120	1
30132	1
30144	1
30156	1
30168	1
30180	1
30192	1
30204	1
30216	1
30228	1
30240	1
30252	1
30264	1
30276	1
30288	1
30300	1
30312	1
30324	1
30336	1
30348	1
30360	1
30372	1
30384	1
30396	1
30408	1
30420	1
30432	1
30444	1
30456	1
30468	1
30480	1
30492	1
30504	1
30516	1
30528	1
30540	1
30552	1
30564	1
30576	1
30588	1
30600	1
30612	1
30624	1
30636	1
30648	1
30660	1
30672	1
30684	1
30696	1
30708	1
30720	1
30732	1
30744	1
30756	1
30768	1
30780	1
30792	1
30804	1
30816	1
30828	1
30840	1
30852	1
30864	1
30876	1
30888	1
30900	1
30912	1
30924	1
30936	1
30948	1
30960	1
30972	1
30984	1
30996	1
31008	1
31020	1
31032	1
31044	1
31056	1
31068	1
31080	1
31092	1
31104	1
31116	1
31128	1
31140	1
31152	1
31164	1
31176	1
31188	1
31200	1
31212	1
31224	1
31236	1
31248	1
31260	1
31272	1
31284	1
31296	1
31308	1
31320	1
31332	1
31344	1
31356	1
31368	1
31380	1
31392	1
31404	1
31416	1
31428	1
31440	1
31452	1
31464	1
31476	1
31488	1
31500	1
31512	1
31524	1
31536	1
31548	1
31560	1
31572	1
31584	1
31596	1
31608	1
31620	1
31632	1
31644	1
31656	1
31668	1
31680	1
31692	1
31704	1
31716	1
31728	1
31740	1
31752	1
31764	1
31776	1
31788	1
31800	1
31812	1
31824	1
31836	1
31848	1
31860	1
31872	1
31884	1
31896	1
31908	1
31920	1
31932	1
31944	1
31956	1
31968	1
31980	1
31992	1
32004	1
32016	1
32028	1
32040	1
32052	1
32064	1
32076	1
32088	1
32100	1
32112	1
32124	1
32136	1
32148	1
32160	1
32172	1
32184	1
32196	1
32208	1
32220	1
32232	1
32244	1
32256	1
32268	1
32280	1
32292	1
32304	1
32316	1
32328	1
32340	1
32352	1
32364	1
32376	1
32388	1
32400	1
32412	1
32424	1
32436	1
32448	1
32460	1
32472	1
32484	1
32496	1
32508	1
32520	1
32532	1
32544	1
32556	1
32568	1
32580	1
32592	1
32604	1
32616	1
32628	1
32640	1
32652	1
32664	1
32676	1
32688	1
32700	1
32712	1
32724	1
32736	1
32748	1
32760	1
32772	1
32784	1
32796	1
32808	1
32820	1
32832	1
32844	1
32856	1
32868	1
32880	1
32892	1
32904	1
32916	1
32928	1
32940	1
32952	1
32964	1
32976	1
32988	1
33000	1
33012	1
33024	1
33036	1
33048	1
33060	1
33072	1
33084	1
33096	1
33108	1
33120	1
33132	1
33144	1
33156	1
33168	1
33180	1
33192	1
33204	1
33216	1
33228	1
33240	1
33252	1
33264	1
33276	1
33288	1
33300	1
33312	1
33324	1
33336	1
33348	1
33360	1
33372	1
33384	1
33396	1
33408	1
33420	1
33432	1
33444	1
33456	1
33468	1
33480	1
33492	1
33504	1
33516	1
33528	1
33540	1
33552	1
33564	1
33576	1
33588	1
33600	1
33612	1
33624	1
33636	1
33648	1
33660	1
33672	1
33684	1
33696	1
33708	1
33720	1
33732	1
33744	1
33756	1
33768	1
33780	1
33792	1
33804	1
33816	1
33828	1
33840	1
33852	1
33864	1
33876	1
33888	1
33900	1
33912	1
33924	1
33936	1
33948	1
33960	1
33972	1
33984	1
33996	1
34008	1
34020	1
34032	1
34044	1
34056	1
34068	1
34080	1
34092	1
34104	1
34116	1
34128	1
34140	1
34152	1
34164	1
34176	1
34188	1
34200	1
34212	1
34224	1
34236	1
34248	1
34260	1
34272	1
34284	1
34296	1
34308	1
34320	1
34332	1
34344	1
34356	1
34368	1
34380	1
34392	1
34404	1
34416	1
34428	1
34440	1
34452	1
34464	1
34476	1
34488	1
34500	1
34512	1
34524	1
34536	1
34548	1
34560	1
34572	1
34584	1
34596	1
34608	1
34620	1
34632	1
34644	1
34656	1
34668	1
34680	1
34692	1
34704	1
34716	1
34728	1
34740	1
34752	1
34764	1
34776	1
34788	1
34800	1
34812	1
34824	1
34836	1
34848	1
34860	1
34872	1
34884	1
34896	1
34908	1
34920	1
34932	1
34944	1
34956	1
34968	1
34980	1
34992	1
35004	1
35016	1
35028	1
35040	1
35052	1
35064	1
35076	1
35088	1
35100	1
35112	1
35124	1
35136	1
35148	1
35160	1
35172	1
35184	1
35196	1
35208	1
35220	1
35232	1
35244	1
35256	1
35268	1
35280	1
35292	1
35304	1
35316	1
35328	1
35340	1
35352	1
35364	1
35376	1
35388	1
35400	1
35412	1
35424	1
35436	1
35448	1
35460	1
35472	1
35484	1
35496	1
35508	1
35520	1
35532	1
35544	1
35556	1
35568	1
35580	1
35592	1
35604	1
35616	1
35628	1
35640	1
35652	1
35664	1
35676	1
35688	1
35700	1
35712	1
35724	1
35736	1
35748	1
35760	1
35772	1
35784	1
35796	1
35808	1
35820	1
35832	1
35844	1
35856	1
35868	1
35880	1
35892	1
35904	1
35916	1
35928	1
35940	1
35952	1
35964	1
35976	1
35988	1
36000	1
36012	1
36024	1
36036	1
36048	1
36060	1
36072	1
36084	1
36096	1
36108	1
36120	1
36132	1
36144	1
36156	1
36168	1
36180	1
36192	1
36204	1
36216	1
36228	1
36240	1
36252	1
36264	1
36276	1
36288	1
36300	1
36312	1
36324	1
36336	1
36348	1
36360	1
36372	1
36384	1
36396	1
36408	1
36420	1
36432	1
36444	1
36456	1
36468	1
36480	1
36492	1
36504	1
36516	1
36528	1
36540	1
36552	1
36564	1
36576	1
36588	1
36600	1
36612	1
36624	1
36636	1
36648	1
36660	1
36672	1
36684	1
36696	1
36708	1
36720	1
36732	1
36744	1
36756	1
36768	1
36780	1
36792	1
36804	1
36816	1
36828	1
36840	1
36852	1
36864	1
36876	1
36888	1
36900	1
36912	1
36924	1
36936	1
36948	1
36960	1
36972	1
36984	1
36996	1
37008	1
37020	1
37032	1
37044	1
37056	1
37068	1
37080	1
37092	1
37104	1
37116	1
37128	1
37140	1
37152	1
37164	1
37176	1
37188	1
37200	1
37212	1
37224	1
37236	1
37248	1
37260	1
37272	1
37284	1
37296	1
37308	1
37320	1
37332	1
37344	1
37356	1
37368	1
37380	1
37392	1
37404	1
37416	1
37428	1
37440	1
37452	1
37464	1
37476	1
37488	1
37500	1
37512	1
37524	1
37536	1
37548	1
37560	1
37572	1
37584	1
37596	1
37608	1
37620	1
37632	1
37644	1
37656	1
37668	1
37680	1
37692	1
37704	1
37716	1
37728	1
37740	1
37752	1
37764	1
37776	1
37788	1
37800	1
37812	1
37824	1
37836	1
37848	1
37860	1
37872	1
37884	1
37896	1
37908	1
37920	1
37932	1
37944	1
37956	1
37968	1
37980	1
37992	1
38004	1
38016	1
38028	1
38040	1
38052	1
38064	1
38076	1
38088	1
38100	1
38112	1
38124	1
38136	1
38148	1
38160	1
38172	1
38184	1
38196	1
38208	1
38220	1
38232	1
38244	1
38256	1
38268	1
38280	1
38292	1
38304	1
38316	1
38328	1
38340	1
38352	1
38364	1
38376	1
38388	1
38400	1
38412	1
38424	1
38436	1
38448	1
38460	1
38472	1
38484	1
38496	1
38508	1
38520	1
38532	1
38544	1
38556	1
38568	1
38580	1
38592	1
38604	1
38616	1
38628	1
38640	1
38652	1
38664	1
38676	1
38688	1
38700	1
38712	1
38724	1
38736	1
38748	1
38760	1
38772	1
38784	1
38796	1
38808	1
38820	1
38832	1
38844	1
38856	1
38868	1
38880	1
38892	1
38904	1
38916	1
38928	1
38940	1
38952	1
38964	1
38976	1
38988	1
39000	1
39012	1
39024	1
39036	1
39048	1
39060	1
39072	1
39084	1
39096	1
39108	1
39120	1
39132	1
39144	1
39156	1
39168	1
39180	1
39192	1
39204	1
39216	1
39228	1
39240	1
39252	1
39264	1
39276	1
39288	1
39300	1
39312	1
39324	1
39336	1
39348	1
39360	1
39372	1
39384	1
39396	1
39408	1
39420	1
39432	1
39444	1
39456	1
39468	1
39480	1
39492	1
39504	1
39516	1
39528	1
39540	1
39552	1
39564	1
39576	1
39588	1
39600	1
39612	1
39624	1
39636	1
39648	1
39660	1
39672	1
39684	1
39696	1
39708	1
39720	1
39732	1
39744	1
39756	1
39768	1
39780	1
39792	1
39804	1
39816	1
39828	1
39840	1
39852	1
39864	1
39876	1
39888	1
39900	1
39912	1
39924	1
39936	1
39948	1
39960	1
39972	1
39984	1
39996	1
40008	1
40020	1
40032	1
40044	1
40056	1
40068	1
40080	1
40092	1
40104	1
40116	1
40128	1
40140	1
40152	1
40164	1
40176	1
40188	1
40200	1
40212	1
40224	1
40236	1
40248	1
40260	1
40272	1
40284	1
40296	1
40308	1
40320	1
40332	1
40344	1
40356	1
40368	1
40380	1
40392	1
40404	1
40416	1
40428	1
40440	1
40452	1
40464	1
40476	1
40488	1
40500	1
40512	1
40524	1
40536	1
40548	1
40560	1
40572	1
40584	1
40596	1
40608	1
40620	1
40632	1
40644	1
40656	1
40668	1
40680	1
40692	1
40704	1
40716	1
40728	1
40740	1
40752	1
40764	1
40776	1
40788	1
40800	1
40812	1
40824	1
40836	1
40848	1
40860	1
40872	1
40884	1
40896	1
40908	1
40920	1
40932	1
40944	1
40956	1
40968	1
40980	1
40992	1
41004	1
41016	1
41028	1
41040	1
41052	1
41064	1
41076	1
41088	1
41100	1
41112	1
41124	1
41136	1
41148	1
41160	1
41172	1
41184	1
41196	1
41208	1
41220	1
41232	1
41244	1
41256	1
41268	1
41280	1
41292	1
41304	1
41316	1
41328	1
41340	1
41352	1
41364	1
41376	1
41388	1
41400	1
41412	1
41424	1
41436	1
41448	1
41460	1
41472	1
41484	1
41496	1
41508	1
41520	1
41532	1
41544	1
41556	1
41568	1
41580	1
41592	1
41604	1
41616	1
41628	1
41640	1
41652	1
41664	1
41676	1
41688	1
41700	1
41712	1
41724	1
41736	1
41748	1
41760	1
41772	1
41784	1
41796	1
41808	1
41820	1
41832	1
41844	1
41856	1
41868	1
41880	1
41892	1
41904	1
41916	1
41928	1
41940	1
41952	1
41964	1
41976	1
41988	1
42000	1
42012	1
42024	1
42036	1
42048	1
42060	1
42072	1
42084	1
42096	1
42108	1
42120	1
42132	1
42144	1
42156	1
42168	1
42180	1
42192	1
42204	1
42216	1
42228	1
42240	1
42252	1
42264	1
42276	1
42288	1
42300	1
42312	1
42324	1
42336	1
42348	1
42360	1
42372	1
42384	1
42396	1
42408	1
42420	1
42432	1
42444	1
42456	1
42468	1
42480	1
42492	1
42504	1
42516	1
42528	1
42540	1
42552	1
42564	1
42576	1
42588	1
42600	1
42612	1
42624	1
42636	1
42648	1
42660	1
42672	1
42684	1
42696	1
42708	1
42720	1
42732	1
42744	1
42756	1
42768	1
42780	1
42792	1
42804	1
42816	1
42828	1
42840	1
42852	1
42864	1
42876	1
42888	1
42900	1
42912	1
42924	1
42936	1
42948	1
42960	1
42972	1
42984	1
42996	1
43008	1
43020	1
43032	1
43044	1
43056	1
43068	1
43080	1
43092	1
43104	1
43116	1
43128	1
43140	1
43152	1
43164	1
43176	1
43188	1
43200	1
43212	1
43224	1
43236	1
43248	1
43260	1
43272	1
43284	1
43296	1
43308	1
43320	1
43332	1
43344	1
43356	1
43368	1
43380	1
43392	1
43404	1
43416	1
43428	1
43440	1
43452	1
43464	1
43476	1
43488	1
43500	1
43512	1
43524	1
43536	1
43548	1
43560	1
43572	1
43584	1
43596	1
43608	1
43620	1
43632	1
43644	1
43656	1
43668	1
43680	1
43692	1
43704	1
43716	1
43728	1
43740	1
43752	1
43764	1
43776	1
43788	1
43800	1
43812	1
43824	1
43836	1
43848	1
43860	1
43872	1
43884	1
43896	1
43908	1
43920	1
43932	1
43944	1
43956	1
43968	1
43980	1
43992	1
44004	1
44016	1
44028	1
44040	1
44052	1
44064	1
44076	1
44088	1
44100	1
44112	1
44124	1
44136	1
44148	1
44160	1
44172	1
44184	1
44196	1
44208	1
44220	1
44232	1
44244	1
44256	1
44268	1
44280	1
44292	1
44304	1
44316	1
44328	1
44340	1
44352	1
44364	1
44376	1
44388	1
44400	1
44412	1
44424	1
44436	1
44448	1
44460	1
44472	1
44484	1
44496	1
44508	1
44520	1
44532	1
44544	1
44556	1
44568	1
44580	1
44592	1
44604	1
44616	1
44628	1
44640	1
44652	1
44664	1
44676	1
44688	1
44700	1
44712	1
44724	1
44736	1
44748	1
44760	1
44772	1
44784	1
44796	1
44808	1
44820	1
44832	1
44844	1
44856	1
44868	1
44880	1
44892	1
44904	1
44916	1
44928	1
44940	1
44952	1
44964	1
44976	1
44988	1
45000	1
45012	1
45024	1
45036	1
45048	1
45060	1
45072	1
45084	1
45096	1
45108	1
45120	1
45132	1
45144	1
45156	1
45168	1
45180	1
45192	1
45204	1
45216	1
45228	1
45240	1
45252	1
45264	1
45276	1
45288	1
45300	1
45312	1
45324	1
45336	1
45348	1
45360	1
45372	1
45384	1
45396	1
45408	1
45420	1
45432	1
45444	1
45456	1
45468	1
45480	1
45492	1
45504	1
45516	1
45528	1
45540	1
45552	1
45564	1
45576	1
45588	1
45600	1
45612	1
45624	1
45636	1
45648	1
45660	1
45672	1
45684	1
45696	1
45708	1
45720	1
45732	1
45744	1
45756	1
45768	1
45780	1
45792	1
45804	1
45816	1
45828	1
45840	1
45852	1
45864	1
45876	1
45888	1
45900	1
45912	1
45924	1
45936	1
45948	1
45960	1
45972	1
45984	1
45996	1
46008	1
46020	1
46032	1
46044	1
46056	1
46068	1
46080	1
46092	1
46104	1
46116	1
46128	1
46140	1
46152	1
46164	1
46176	1
46188	1
46200	1
46212	1
46224	1
46236	1
46248	1
46260	1
46272	1
46284	1
46296	1
46308	1
46320	1
46332	1
46344	1
46356	1
46368	1
46380	1
46392	1
46404	1
46416	1
46428	1
46440	1
46452	1
46464	1
46476	1
46488	1
46500	1
46512	1
46524	1
46536	1
46548	1
46560	1
46572	1
46584	1
46596	1
46608	1
46620	1
46632	1
46644	1
46656	1
46668	1
46680	1
46692	1
46704	1
46716	1
46728	1
46740	1
46752	1
46764	1
46776	1
46788	1
46800	1
46812	1
46824	1
46836	1
46848	1
46860	1
46872	1
46884	1
46896	1
46908	1
46920	1
46932	1
46944	1
46956	1
46968	1
46980	1
46992	1
47004	1
47016	1
47028	1
47040	1
47052	1
47064	1
47076	1
47088	1
47100	1
47112	1
47124	1
47136	1
47148	1
47160	1
47172	1
47184	1
47196	1
47208	1
47220	1
47232	1
47244	1
47256	1
47268	1
47280	1
47292	1
47304	1
47316	1
47328	1
47340	1
47352	1
47364	1
47376	1
47388	1
47400	1
47412	1
47424	1
47436	1
47448	1
47460	1
47472	1
47484	1
47496	1
47508	1
47520	1
47532	1
47544	1
47556	1
47568	1
47580	1
47592	1
47604	1
47616	1
47628	1
47640	1
47652	1
47664	1
47676	1
47688	1
47700	1
47712	1
47724	1
47736	1
47748	1
47760	1
47772	1
47784	1
47796	1
47808	1
47820	1
47832	1
47844	1
47856	1
47868	1
47880	1
47892	1
47904	1
47916	1
47928	1
47940	1
47952	1
47964	1
47976	1
47988	1
48000	1
48012	1
48024	1
48036	1
48048	1
48060	1
48072	1
48084	1
48096	1
48108	1
48120	1
48132	1
48144	1
48156	1
48168	1
48180	1
48192	1
48204	1
48216	1
48228	1
48240	1
48252	1
48264	1
48276	1
48288	1
48300	1
48312	1
48324	1
48336	1
48348	1
48360	1
48372	1
48384	1
48396	1
48408	1
48420	1
48432	1
48444	1
48456	1
48468	1
48480	1
48492	1
48504	1
48516	1
48528	1
48540	1
48552	1
48564	1
48576	1
48588	1
48600	1
48612	1
48624	1
48636	1
48648	1
48660	1
48672	1
48684	1
48696	1
48708	1
48720	1
48732	1
48744	1
48756	1
48768	1
48780	1
48792	1
48804	1
48816	1
48828	1
48840	1
48852	1
48864	1
48876	1
48888	1
48900	1
48912	1
48924	1
48936	1
48948	1
48960	1
48972	1
48984	1
48996	1
49008	1
49020	1
49032	1
49044	1
49056	1
49068	1
49080	1
49092	1
49104	1
49116	1
49128	1
49140	1
49152	1
49164	1
49176	1
49188	1
49200	1
49212	1
49224	1
49236	1
49248	1
49260	1
49272	1
49284	1
49296	1
49308	1
49320	1
49332	1
49344	1
49356	1
49368	1
49380	1
49392	1
49404	1
49416	1
49428	1
49440	1
49452	1
49464	1
49476	1
49488	1
49500	1
49512	1
49524	1
49536	1
49548	1
49560	1
49572	1
49584	1
49596	1
49608	1
49620	1
49632	1
49644	1
49656	1
49668	1
49680	1
49692	1
49704	1
49716	1
49728	1
49740	1
49752	1
49764	1
49776	1
49788	1
49800	1
49812	1
49824	1
49836	1
49848	1
49860	1
49872	1
49884	1
49896	1
49908	1
49920	1
49932	1
49944	1
49956	1
49968	1
49980	1
49992	1
50004	1
50016	1
50028	1
50040	1
50052	1
50064	1
50076	1
50088	1
50100	1
50112	1
50124	1
50136	1
50148	1
50160	1
50172	1
50184	1
50196	1
50208	1
50220	1
50232	1
50244	1
50256	1
50268	1
50280	1
50292	1
50304	1
50316	1
50328	1
50340	1
50352	1
50364	1
50376	1
50388	1
50400	1
50412	1
50424	1
50436	1
50448	1
50460	1
50472	1
50484	1
50496	1
50508	1
50520	1
50532	1
50544	1
50556	1
50568	1
50580	1
50592	1
50604	1
50616	1
50628	1
50640	1
50652	1
50664	1
50676	1
50688	1
50700	1
50712	1
50724	1
50736	1
50748	1
50760	1
50772	1
50784	1
50796	1
50808	1
50820	1
50832	1
50844	1
50856	1
50868	1
50880	1
50892	1
50904	1
50916	1
50928	1
50940	1
50952	1
50964	1
50976	1
50988	1
51000	1
51012	1
51024	1
51036	1
51048	1
51060	1
51072	1
51084	1
51096	1
51108	1
51120	1
51132	1
51144	1
51156	1
51168	1
51180	1
51192	1
51204	1
51216	1
51228	1
51240	1
51252	1
51264	1
51276	1
51288	1
51300	1
51312	1
51324	1
51336	1
51348	1
51360	1
51372	1
51384	1
51396	1
51408	1
51420	1
51432	1
51444	1
51456	1
51468	1
51480	1
51492	1
51504	1
51516	1
51528	1
51540	1
51552	1
51564	1
51576	1
51588	1
51600	1
51612	1
51624	1
51636	1
51648	1
51660	1
51672	1
51684	1
51696	1
51708	1
51720	1
51732	1
51744	1
51756	1
51768	1
51780	1
51792	1
51804	1
51816	1
51828	1
51840	1
51852	1
51864	1
51876	1
51888	1
51900	1
51912	1
51924	1
51936	1
51948	1
51960	1
51972	1
51984	1
51996	1
52008	1
52020	1
52032	1
52044	1
52056	1
52068	1
52080	1
52092	1
52104	1
52116	1
52128	1
52140	1
52152	1
52164	1
52176	1
52188	1
52200	1
52212	1
52224	1
52236	1
52248	1
52260	1
52272	1
52284	1
52296	1
52308	1
52320	1
52332	1
52344	1
52356	1
52368	1
52380	1
52392	1
52404	1
52416	1
52428	1
52440	1
52452	1
52464	1
52476	1
52488	1
52500	1
52512	1
52524	1
52536	1
52548	1
52560	1
52572	1
52584	1
52596	1
52608	1
52620	1
52632	1
52644	1
52656	1
52668	1
52680	1
52692	1
52704	1
52716	1
52728	1
52740	1
52752	1
52764	1
52776	1
52788	1
52800	1
52812	1
52824	1
52836	1
52848	1
52860	1
52872	1
52884	1
52896	1
52908	1
52920	1
52932	1
52944	1
52956	1
52968	1
52980	1
52992	1
53004	1
53016	1
53028	1
53040	1
53052	1
53064	1
53076	1
53088	1
53100	1
53112	1
53124	1
53136	1
53148	1
53160	1
53172	1
53184	1
53196	1
53208	1
53220	1
53232	1
53244	1
53256	1
53268	1
53280	1
53292	1
53304	1
53316	1
53328	1
53340	1
53352	1
53364	1
53376	1
53388	1
53400	1
53412	1
53424	1
53436	1
53448	1
53460	1
53472	1
53484	1
53496	1
53508	1
53520	1
53532	1
53544	1
53556	1
53568	1
53580	1
53592	1
53604	1
53616	1
53628	1
53640	1
53652	1
53664	1
53676	1
53688	1
53700	1
53712	1
53724	1
53736	1
53748	1
53760	1
53772	1
53784	1
53796	1
53808	1
53820	1
53832	1
53844	1
53856	1
53868	1
53880	1
53892	1
53904	1
53916	1
53928	1
53940	1
53952	1
53964	1
53976	1
53988	1
54000	1
54012	1
54024	1
54036	1
54048	1
54060	1
54072	1
54084	1
54096	1
54108	1
54120	1
54132	1
54144	1
54156	1
54168	1
54180	1
54192	1
54204	1
54216	1
54228	1
54240	1
54252	1
54264	1
54276	1
54288	1
54300	1
54312	1
54324	1
54336	1
54348	1
54360	1
54372	1
54384	1
54396	1
54408	1
54420	1
54432	1
54444	1
54456	1
54468	1
54480	1
54492	1
54504	1
54516	1
54528	1
54540	1
54552	1
54564	1
54576	1
54588	1
54600	1
54612	1
54624	1
54636	1
54648	1
54660	1
54672	1
54684	1
54696	1
54708	1
54720	1
54732	1
54744	1
54756	1
54768	1
54780	1
54792	1
54804	1
54816	1
54828	1
54840	1
54852	1
54864	1
54876	1
54888	1
54900	1
54912	1
54924	1
54936	1
54948	1
54960	1
54972	1
54984	1
54996	1
55008	1
55020	1
55032	1
55044	1
55056	1
55068	1
55080	1
55092	1
55104	1
55116	1
55128	1
55140	1
55152	1
55164	1
55176	1
55188	1
55200	1
55212	1
55224	1
55236	1
55248	1
55260	1
55272	1
55284	1
55296	1
55308	1
55320	1
55332	1
55344	1
55356	1
55368	1
55380	1
55392	1
55404	1
55416	1
55428	1
55440	1
55452	1
55464	1
55476	1
55488	1
55500	1
55512	1
55524	1
55536	1
55548	1
55560	1
55572	1
55584	1
55596	1
55608	1
55620	1
55632	1
55644	1
55656	1
55668	1
55680	1
55692	1
55704	1
55716	1
55728	1
55740	1
55752	1
55764	1
55776	1
55788	1
55800	1
55812	1
55824	1
55836	1
55848	1
55860	1
55872	1
55884	1
55896	1
55908	1
55920	1
55932	1
55944	1
55956	1
55968	1
55980	1
55992	1
56004	1
56016	1
56028	1
56040	1
56052	1
56064	1
56076	1
56088	1
56100	1
56112	1
56124	1
56136	1
56148	1
56160	1
56172	1
56184	1
56196	1
56208	1
56220	1
56232	1
56244	1
56256	1
56268	1
56280	1
56292	1
56304	1
56316	1
56328	1
56340	1
56352	1
56364	1
56376	1
56388	1
56400	1
56412	1
56424	1
56436	1
56448	1
56460	1
56472	1
56484	1
56496	1
56508	1
56520	1
56532	1
56544	1
56556	1
56568	1
56580	1
56592	1
56604	1
56616	1
56628	1
56640	1
56652	1
56664	1
56676	1
56688	1
56700	1
56712	1
56724	1
56736	1
56748	1
56760	1
56772	1
56784	1
56796	1
56808	1
56820	1
56832	1
56844	1
56856	1
56868	1
56880	1
56892	1
56904	1
56916	1
56928	1
56940	1
56952	1
56964	1
56976	1
56988	1
57000	1
57012	1
57024	1
57036	1
57048	1
57060	1
57072	1
57084	1
57096	1
57108	1
57120	1
57132	1
57144	1
57156	1
57168	1
57180	1
57192	1
57204	1
57216	1
57228	1
57240	1
57252	1
57264	1
57276	1
57288	1
57300	1
57312	1
57324	1
57336	1
57348	1
57360	1
57372	1
57384	1
57396	1
57408	1
57420	1
57432	1
57444	1
57456	1
57468	1
57480	1
57492	1
57504	1
57516	1
57528	1
57540	1
57552	1
57564	1
57576	1
57588	1
57600	1
57612	1
57624	1
57636	1
57648	1
57660	1
57672	1
57684	1
57696	1
57708	1
57720	1
57732	1
57744	1
57756	1
57768	1
57780	1
57792	1
57804	1
57816	1
57828	1
57840	1
57852	1
57864	1
57876	1
57888	1
57900	1
57912	1
57924	1
57936	1
57948	1
57960	1
57972	1
57984	1
57996	1
58008	1
58020	1
58032	1
58044	1
58056	1
58068	1
58080	1
58092	1
58104	1
58116	1
58128	1
58140	1
58152	1
58164	1
58176	1
58188	1
58200	1
58212	1
58224	1
58236	1
58248	1
58260	1
58272	1
58284	1
58296	1
58308	1
58320	1
58332	1
58344	1
58356	1
58368	1
58380	1
58392	1
58404	1
58416	1
58428	1
58440	1
58452	1
58464	1
58476	1
58488	1
58500	1
58512	1
58524	1
58536	1
58548	1
58560	1
58572	1
58584	1
58596	1
58608	1
58620	1
58632	1
58644	1
58656	1
58668	1
58680	1
58692	1
58704	1
58716	1
58728	1
58740	1
58752	1
58764	1
58776	1
58788	1
58800	1
58812	1
58824	1
58836	1
58848	1
58860	1
58872	1
58884	1
58896	1
58908	1
58920	1
58932	1
58944	1
58956	1
58968	1
58980	1
58992	1
59004	1
59016	1
59028	1
59040	1
59052	1
59064	1
59076	1
59088	1
59100	1
59112	1
59124	1
59136	1
59148	1
59160	1
59172	1
59184	1
59196	1
59208	1
59220	1
59232	1
59244	1
59256	1
59268	1
59280	1
59292	1
59304	1
59316	1
59328	1
59340	1
59352	1
59364	1
59376	1
59388	1
59400	1
59412	1
59424	1
59436	1
59448	1
59460	1
59472	1
59484	1
59496	1
59508	1
59520	1
59532	1
59544	1
59556	1
59568	1
59580	1
59592	1
59604	1
59616	1
59628	1
59640	1
59652	1
59664	1
59676	1
59688	1
59700	1
59712	1
59724	1
59736	1
59748	1
59760	1
59772	1
59784	1
59796	1
59808	1
59820	1
59832	1
59844	1
59856	1
59868	1
59880	1
59892	1
59904	1
59916	1
59928	1
59940	1
59952	1
59964	1
59976	1
59988	1
60000	1
60012	1
60024	1
60036	1
60048	1
60060	1
60072	1
60084	1
60096	1
60108	1
60120	1
60132	1
60144	1
60156	1
60168	1
60180	1
60192	1
60204	1
60216	1
60228	1
60240	1
60252	1
60264	1
60276	1
60288	1
60300	1
60312	1
60324	1
60336	1
60348	1
60360	1
60372	1
60384	1
60396	1
60408	1
60420	1
60432	1
60444	1
60456	1
60468	1
60480	1
60492	1
60504	1
60516	1
60528	1
60540	1
60552	1
60564	1
60576	1
60588	1
60600	1
60612	1
60624	1
60636	1
60648	1
60660	1
60672	1
60684	1
60696	1
60708	1
60720	1
60732	1
60744	1
60756	1
60768	1
60780	1
60792	1
60804	1
60816	1
60828	1
60840	1
60852	1
60864	1
60876	1
60888	1
60900	1
60912	1
60924	1
60936	1
60948	1
60960	1
60972	1
60984	1
60996	1
61008	1
61020	1
61032	1
61044	1
61056	1
61068	1
61080	1
61092	1
61104	1
61116	1
61128	1
61140	1
61152	1
61164	1
61176	1
61188	1
61200	1
61212	1
61224	1
61236	1
61248	1
61260	1
61272	1
61284	1
61296	1
61308	1
61320	1
61332	1
61344	1
61356	1
61368	1
61380	1
61392	1
61404	1
61416	1
61428	1
61440	1
61452	1
61464	1
61476	1
61488	1
61500	1
61512	1
61524	1
61536	1
61548	1
61560	1
61572	1
61584	1
61596	1
61608	1
61620	1
61632	1
61644	1
61656	1
61668	1
61680	1
61692	1
61704	1
61716	1
61728	1
61740	1
61752	1
61764	1
61776	1
61788	1
61800	1
61812	1
61824	1
61836	1
61848	1
61860	1
61872	1
61884	1
61896	1
61908	1
61920	1
61932	1
61944	1
61956	1
61968	1
61980	1
61992	1
62004	1
62016	1
62028	1
62040	1
62052	1
62064	1
62076	1
62088	1
62100	1
62112	1
62124	1
62136	1
62148	1
62160	1
62172	1
62184	1
62196	1
62208	1
62220	1
62232	1
62244	1
62256	1
62268	1
62280	1
62292	1
62304	1
62316	1
62328	1
62340	1
62352	1
62364	1
62376	1
62388	1
62400	1
62412	1
62424	1
62436	1
62448	1
62460	1
62472	1
62484	1
62496	1
62508	1
62520	1
62532	1
62544	1
62556	1
62568	1
62580	1
62592	1
62604	1
62616	1
62628	1
62640	1
62652	1
62664	1
62676	1
62688	1
62700	1
62712	1
62724	1
62736	1
62748	1
62760	1
62772	1
62784	1
62796	1
62808	1
62820	1
62832	1
62844	1
62856	1
62868	1
62880	1
62892	1
62904	1
62916	1
62928	1
62940	1
62952	1
62964	1
62976	1
62988	1
63000	1
63012	1
63024	1
63036	1
63048	1
63060	1
63072	1
63084	1
63096	1
63108	1
63120	1
63132	1
63144	1
63156	1
63168	1
63180	1
63192	1
63204	1
63216	1
63228	1
63240	1
63252	1
63264	1
63276	1
63288	1
63300	1
63312	1
63324	1
63336	1
63348	1
63360	1
63372	1
63384	1
63396	1
63408	1
63420	1
63432	1
63444	1
63456	1
63468	1
63480	1
63492	1
63504	1
63516	1
63528	1
63540	1
63552	1
63564	1
63576	1
63588	1
63600	1
63612	1
63624	1
63636	1
63648	1
63660	1
63672	1
63684	1
63696	1
63708	1
63720	1
63732	1
63744	1
63756	1
63768	1
63780	1
63792	1
63804	1
63816	1
63828	1
63840	1
63852	1
63864	1
63876	1
63888	1
63900	1
63912	1
63924	1
63936	1
63948	1
63960	1
63972	1
63984	1
63996	1
64008	1
64020	1
64032	1
64044	1
64056	1
64068	1
64080	1
64092	1
64104	1
64116	1
64128	1
64140	1
64152	1
64164	1
64176	1
64188	1
64200	1
64212	1
64224	1
64236	1
64248	1
64260	1
64272	1
64284	1
64296	1
64308	1
64320	1
64332	1
64344	1
64356	1
64368	1
64380	1
64392	1
64404	1
64416	1
64428	1
64440	1
64452	1
64464	1
64476	1
64488	1
64500	1
64512	1
64524	1
64536	1
64548	1
64560	1
64572	1
64584	1
64596	1
64608	1
64620	1
64632	1
64644	1
64656	1
64668	1
64680	1
64692	1
64704	1
64716	1
64728	1
64740	1
64752	1
64764	1
64776	1
64788	1
64800	1
64812	1
64824	1
64836	1
64848	1
64860	1
64872	1
64884	1
64896	1
64908	1
64920	1
64932	1
64944	1
64956	1
64968	1
64980	1
64992	1
65004	1
65016	1
65028	1
65040	1
65052	1
65064	1
65076	1
65088	1
65100	1
65112	1
65124	1
65136	1
65148	1
65160	1
65172	1
65184	1
65196	1
65208	1
65220	1
65232	1
65244	1
65256	1
65268	1
65280	1
65292	1
65304	1
65316	1
65328	1
65340	1
65352	1
65364	1
65376	1
65388	1
65400	1
65412	1
65424	1
65436	1
65448	1
65460	1
65472	1
65484	1
65496	1
65508	1
65520	1
65532	1
65544	1
65556	1
65568	1
65580	1
65592	1
65604	1
65616	1
65628	1
65640	1
65652	1
65664	1
65676	1
65688	1
65700	1
65712	1
65724	1
65736	1
65748	1
65760	1
65772	1
65784	1
65796	1
65808	1
65820	1
65832	1
65844	1
65856	1
65868	1
65880	1
65892	1
65904	1
65916	1
65928	1
65940	1
65952	1
65964	1
65976	1
65988	1
66000	1
66012	1
66024	1
66036	1
66048	1
66060	1
66072	1
66084	1
66096	1
66108	1
66120	1
66132	1
66144	1
66156	1
66168	1
66180	1
66192	1
66204	1
66216	1
66228	1
66240	1
66252	1
66264	1
66276	1
66288	1
66300	1
66312	1
66324	1
66336	1
66348	1
66360	1
66372	1
66384	1
66396	1
66408	1
66420	1
66432	1
66444	1
66456	1
66468	1
66480	1
66492	1
66504	1
66516	1
66528	1
66540	1
66552	1
66564	1
66576	1
66588	1
66600	1
66612	1
66624	1
66636	1
66648	1
66660	1
66672	1
66684	1
66696	1
66708	1
66720	1
66732	1
66744	1
66756	1
66768	1
66780	1
66792	1
66804	1
66816	1
66828	1
66840	1
66852	1
66864	1
66876	1
66888	1
66900	1
66912	1
66924	1
66936	1
66948	1
66960	1
66972	1
66984	1
66996	1
67008	1
67020	1
67032	1
67044	1
67056	1
67068	1
67080	1
67092	1
67104	1
67116	1
67128	1
67140	1
67152	1
67164	1
67176	1
67188	1
67200	1
67212	1
67224	1
67236	1
67248	1
67260	1
67272	1
67284	1
67296	1
67308	1
67320	1
67332	1
67344	1
67356	1
67368	1
67380	1
67392	1
67404	1
67416	1
67428	1
67440	1
67452	1
67464	1
67476	1
67488	1
67500	1
67512	1
67524	1
67536	1
67548	1
67560	1
67572	1
67584	1
67596	1
67608	1
67620	1
67632	1
67644	1
67656	1
67668	1
67680	1
67692	1
67704	1
67716	1
67728	1
67740	1
67752	1
67764	1
67776	1
67788	1
67800	1
67812	1
67824	1
67836	1
67848	1
67860	1
67872	1
67884	1
67896	1
67908	1
67920	1
67932	1
67944	1
67956	1
67968	1
67980	1
67992	1
68004	1
68016	1
68028	1
68040	1
68052	1
68064	1
68076	1
68088	1
68100	1
68112	1
68124	1
68136	1
68148	1
68160	1
68172	1
68184	1
68196	1
68208	1
68220	1
68232	1
68244	1
68256	1
68268	1
68280	1
68292	1
68304	1
68316	1
68328	1
68340	1
68352	1
68364	1
68376	1
68388	1
68400	1
68412	1
68424	1
68436	1
68448	1
68460	1
68472	1
68484	1
68496	1
68508	1
68520	1
68532	1
68544	1
68556	1
68568	1
68580	1
68592	1
68604	1
68616	1
68628	1
68640	1
68652	1
68664	1
68676	1
68688	1
68700	1
68712	1
68724	1
68736	1
68748	1
68760	1
68772	1
68784	1
68796	1
68808	1
68820	1
68832	1
68844	1
68856	1
68868	1
68880	1
68892	1
68904	1
68916	1
68928	1
68940	1
68952	1
68964	1
68976	1
68988	1
69000	1
69012	1
69024	1
69036	1
69048	1
69060	1
69072	1
69084	1
69096	1
69108	1
69120	1
69132	1
69144	1
69156	1
69168	1
69180	1
69192	1
69204	1
69216	1
69228	1
69240	1
69252	1
69264	1
69276	1
69288	1
69300	1
69312	1
69324	1
69336	1
69348	1
69360	1
69372	1
69384	1
69396	1
69408	1
69420	1
69432	1
69444	1
69456	1
69468	1
69480	1
69492	1
69504	1
69516	1
69528	1
69540	1
69552	1
69564	1
69576	1
69588	1
69600	1
69612	1
69624	1
69636	1
69648	1
69660	1
69672	1
69684	1
69696	1
69708	1
69720	1
69732	1
69744	1
69756	1
69768	1
69780	1
69792	1
69804	1
69816	1
69828	1
69840	1
69852	1
69864	1
69876	1
69888	1
69900	1
69912	1
69924	1
69936	1
69948	1
69960	1
69972	1
69984	1
69996	1
70008	1
70020	1
70032	1
70044	1
70056	1
70068	1
70080	1
70092	1
70104	1
