[2025-03-26 14:35:40,713] - [INFO] - [Filling depressions in DEM '/in/colpach_dem.tif'...]
[2025-03-26 14:35:40,725] - [INFO] - [done.]
[2025-03-26 14:35:40,726] - [INFO] - [Calculating Slope Aspect in DEM '/out/fill_DEM.tif'...]
[2025-03-26 14:35:40,729] - [INFO] - [done.]
[2025-03-26 14:35:40,730] - [INFO] - [Calculating Flow Accumulation  DEM '/out/fill_DEM.tif'...]
[2025-03-26 14:35:40,733] - [INFO] - [done.]
[2025-03-26 14:35:40,734] - [INFO] - [Calculating Flow Direction '/out/fill_DEM.tif'...]
[2025-03-26 14:35:40,739] - [INFO] - [done.]
[2025-03-26 14:35:40,739] - [INFO] - [Stream Extraction from '/out/flow_accumulation.tif'...]
[2025-03-26 14:35:40,743] - [INFO] - [done.]
[2025-03-26 14:35:40,743] - [INFO] - [Hillslope Extraction from  '/out/flow_direction.tif'...]
[2025-03-26 14:35:40,747] - [INFO] - [done.]
[2025-03-26 14:35:40,747] - [INFO] - [ Distance and Elevation from River '/out/streams.tif'...]
[2025-03-26 14:35:40,754] - [INFO] - [done.]
[2025-03-26 14:37:31,434] - [INFO] - [Filling depressions in DEM '/in/schwebich_dem.tif'...]
[2025-03-26 14:37:32,280] - [INFO] - [done.]
[2025-03-26 14:37:32,280] - [INFO] - [Calculating Slope Aspect in DEM '/out/fill_DEM.tif'...]
[2025-03-26 14:37:32,883] - [INFO] - [done.]
[2025-03-26 14:37:32,883] - [INFO] - [Calculating Flow Accumulation  DEM '/out/fill_DEM.tif'...]
[2025-03-26 14:37:33,513] - [INFO] - [done.]
[2025-03-26 14:37:33,514] - [INFO] - [Calculating Flow Direction '/out/fill_DEM.tif'...]
[2025-03-26 14:37:33,973] - [INFO] - [done.]
[2025-03-26 14:37:33,974] - [INFO] - [Stream Extraction from '/out/flow_accumulation.tif'...]
[2025-03-26 14:37:34,610] - [INFO] - [done.]
[2025-03-26 14:37:34,610] - [INFO] - [Hillslope Extraction from  '/out/flow_direction.tif'...]
[2025-03-26 14:37:35,768] - [INFO] - [done.]
[2025-03-26 14:37:35,769] - [INFO] - [ Distance and Elevation from River '/out/streams.tif'...]
[2025-03-26 14:37:38,488] - [INFO] - [done.]
[2025-03-26 14:56:41,713] - [INFO] - [Filling depressions in DEM '/in/DEMW32.tif'...]
[2025-03-26 14:56:41,863] - [INFO] - [done.]
[2025-03-26 14:56:41,864] - [INFO] - [Calculating Slope Aspect in DEM '/out/fill_DEM.tif'...]
[2025-03-26 14:56:41,990] - [INFO] - [done.]
[2025-03-26 14:56:41,990] - [INFO] - [Calculating Flow Accumulation  DEM '/out/fill_DEM.tif'...]
[2025-03-26 14:56:42,134] - [INFO] - [done.]
[2025-03-26 14:56:42,135] - [INFO] - [Calculating Flow Direction '/out/fill_DEM.tif'...]
[2025-03-26 14:56:42,257] - [INFO] - [done.]
[2025-03-26 14:56:42,257] - [INFO] - [Stream Extraction from '/out/flow_accumulation.tif'...]
[2025-03-26 14:56:42,384] - [INFO] - [done.]
[2025-03-26 14:56:42,384] - [INFO] - [Hillslope Extraction from  '/out/flow_direction.tif'...]
[2025-03-26 14:56:42,619] - [INFO] - [done.]
[2025-03-26 14:56:42,620] - [INFO] - [ Distance and Elevation from River '/out/streams.tif'...]
[2025-03-26 14:56:43,104] - [INFO] - [done.]
[2025-03-26 15:08:24,015] - [INFO] - [Filling depressions in DEM '/in/DEMW32.tif'...]
[2025-03-26 15:08:24,147] - [INFO] - [done.]
[2025-03-26 15:08:24,147] - [INFO] - [Calculating Slope Aspect in DEM '/out/fill_DEM.tif'...]
[2025-03-26 15:08:24,278] - [INFO] - [done.]
[2025-03-26 15:08:24,278] - [INFO] - [Calculating Flow Accumulation  DEM '/out/fill_DEM.tif'...]
[2025-03-26 15:08:24,426] - [INFO] - [done.]
[2025-03-26 15:08:24,426] - [INFO] - [Calculating Flow Direction '/out/fill_DEM.tif'...]
[2025-03-26 15:08:24,545] - [INFO] - [done.]
[2025-03-26 15:08:24,546] - [INFO] - [Stream Extraction from '/out/flow_accumulation.tif'...]
[2025-03-26 15:08:24,674] - [INFO] - [done.]
[2025-03-26 15:08:24,675] - [INFO] - [Hillslope Extraction from  '/out/flow_direction.tif'...]
[2025-03-26 15:08:24,927] - [INFO] - [done.]
[2025-03-26 15:08:24,927] - [INFO] - [ Distance and Elevation from River '/out/streams.tif'...]
[2025-03-26 15:08:25,382] - [INFO] - [done.]
[2025-03-26 15:09:44,419] - [INFO] - [Filling depressions in DEM '/in/DEMW32.tif'...]
[2025-03-26 15:09:44,551] - [INFO] - [done.]
[2025-03-26 15:09:44,552] - [INFO] - [Calculating Slope Aspect in DEM '/out/fill_DEM.tif'...]
[2025-03-26 15:09:44,672] - [INFO] - [done.]
[2025-03-26 15:09:44,673] - [INFO] - [Calculating Flow Accumulation  DEM '/out/fill_DEM.tif'...]
[2025-03-26 15:09:44,808] - [INFO] - [done.]
[2025-03-26 15:09:44,809] - [INFO] - [Calculating Flow Direction '/out/fill_DEM.tif'...]
[2025-03-26 15:09:44,931] - [INFO] - [done.]
[2025-03-26 15:09:44,932] - [INFO] - [Stream Extraction from '/out/flow_accumulation.tif'...]
[2025-03-26 15:09:45,059] - [INFO] - [done.]
[2025-03-26 15:09:45,059] - [INFO] - [Hillslope Extraction from  '/out/flow_direction.tif'...]
[2025-03-26 15:09:45,299] - [INFO] - [done.]
[2025-03-26 15:09:45,299] - [INFO] - [ Distance and Elevation from River '/out/streams.tif'...]
[2025-03-26 15:09:45,787] - [INFO] - [done.]
[2025-03-26 15:10:26,863] - [INFO] - [Filling depressions in DEM '/in/DEMW32.tif'...]
[2025-03-26 15:10:26,992] - [INFO] - [done.]
[2025-03-26 15:10:26,992] - [INFO] - [Calculating Slope Aspect in DEM '/out/fill_DEM.tif'...]
[2025-03-26 15:10:27,114] - [INFO] - [done.]
[2025-03-26 15:10:27,115] - [INFO] - [Calculating Flow Accumulation  DEM '/out/fill_DEM.tif'...]
[2025-03-26 15:10:27,253] - [INFO] - [done.]
[2025-03-26 15:10:27,253] - [INFO] - [Calculating Flow Direction '/out/fill_DEM.tif'...]
[2025-03-26 15:10:27,370] - [INFO] - [done.]
[2025-03-26 15:10:27,370] - [INFO] - [Stream Extraction from '/out/flow_accumulation.tif'...]
[2025-03-26 15:10:27,491] - [INFO] - [done.]
[2025-03-26 15:10:27,492] - [INFO] - [Hillslope Extraction from  '/out/flow_direction.tif'...]
[2025-03-26 15:10:27,744] - [INFO] - [done.]
[2025-03-26 15:10:27,745] - [INFO] - [ Distance and Elevation from River '/out/streams.tif'...]
[2025-03-26 15:10:28,222] - [INFO] - [done.]
[2025-03-26 15:12:11,252] - [INFO] - [Filling depressions in DEM '/in/DEMW32.tif'...]
[2025-03-26 15:12:11,343] - [INFO] - [done.]
[2025-03-26 15:12:11,343] - [INFO] - [Calculating Slope Aspect in DEM '/out/fill_DEM.tif'...]
[2025-03-26 15:12:11,471] - [INFO] - [done.]
[2025-03-26 15:12:11,472] - [INFO] - [Calculating Flow Accumulation  DEM '/out/fill_DEM.tif'...]
[2025-03-26 15:12:11,610] - [INFO] - [done.]
[2025-03-26 15:12:11,610] - [INFO] - [Calculating Flow Direction '/out/fill_DEM.tif'...]
[2025-03-26 15:12:11,732] - [INFO] - [done.]
[2025-03-26 15:12:11,733] - [INFO] - [Stream Extraction from '/out/flow_accumulation.tif'...]
[2025-03-26 15:12:11,853] - [INFO] - [done.]
[2025-03-26 15:12:11,854] - [INFO] - [Hillslope Extraction from  '/out/flow_direction.tif'...]
[2025-03-26 15:12:12,087] - [INFO] - [done.]
[2025-03-26 15:12:12,087] - [INFO] - [ Distance and Elevation from River '/out/streams.tif'...]
[2025-03-26 15:12:12,522] - [INFO] - [done.]
[2025-03-27 09:38:18,899] - [INFO] - [Filling depressions in DEM '/in/DEMW22.tif'...]
[2025-03-27 09:38:19,008] - [INFO] - [done.]
[2025-03-27 09:38:19,009] - [INFO] - [Calculating Slope Aspect in DEM '/out/fill_DEM.tif'...]
[2025-03-27 09:38:19,097] - [INFO] - [done.]
[2025-03-27 09:38:19,098] - [INFO] - [Calculating Flow Accumulation  DEM '/out/fill_DEM.tif'...]
[2025-03-27 09:38:19,188] - [INFO] - [done.]
[2025-03-27 09:38:19,189] - [INFO] - [Calculating Flow Direction '/out/fill_DEM.tif'...]
[2025-03-27 09:38:19,276] - [INFO] - [done.]
[2025-03-27 09:38:19,277] - [INFO] - [Stream Extraction from '/out/flow_accumulation.tif'...]
[2025-03-27 09:38:19,354] - [INFO] - [done.]
[2025-03-27 09:38:19,355] - [INFO] - [Hillslope Extraction from  '/out/flow_direction.tif'...]
[2025-03-27 09:38:19,508] - [INFO] - [done.]
[2025-03-27 09:38:19,509] - [INFO] - [ Distance and Elevation from River '/out/streams.tif'...]
[2025-03-27 09:38:19,810] - [INFO] - [done.]
[2025-03-27 09:38:46,157] - [INFO] - [Filling depressions in DEM '/in/DEMW32.tif'...]
[2025-03-27 09:38:46,281] - [INFO] - [done.]
[2025-03-27 09:38:46,281] - [INFO] - [Calculating Slope Aspect in DEM '/out/fill_DEM.tif'...]
[2025-03-27 09:38:46,435] - [INFO] - [done.]
[2025-03-27 09:38:46,436] - [INFO] - [Calculating Flow Accumulation  DEM '/out/fill_DEM.tif'...]
[2025-03-27 09:38:46,570] - [INFO] - [done.]
[2025-03-27 09:38:46,570] - [INFO] - [Calculating Flow Direction '/out/fill_DEM.tif'...]
[2025-03-27 09:38:46,677] - [INFO] - [done.]
[2025-03-27 09:38:46,677] - [INFO] - [Stream Extraction from '/out/flow_accumulation.tif'...]
[2025-03-27 09:38:46,789] - [INFO] - [done.]
[2025-03-27 09:38:46,790] - [INFO] - [Hillslope Extraction from  '/out/flow_direction.tif'...]
[2025-03-27 09:38:47,010] - [INFO] - [done.]
[2025-03-27 09:38:47,011] - [INFO] - [ Distance and Elevation from River '/out/streams.tif'...]
[2025-03-27 09:38:47,437] - [INFO] - [done.]
[2025-03-27 09:42:56,992] - [INFO] - [Filling depressions in DEM '/in/schwebich_dem.tif'...]
[2025-03-27 09:42:57,928] - [INFO] - [done.]
[2025-03-27 09:42:57,929] - [INFO] - [Calculating Slope Aspect in DEM '/out/fill_DEM.tif'...]
[2025-03-27 09:42:58,551] - [INFO] - [done.]
[2025-03-27 09:42:58,552] - [INFO] - [Calculating Flow Accumulation  DEM '/out/fill_DEM.tif'...]
[2025-03-27 09:42:59,171] - [INFO] - [done.]
[2025-03-27 09:42:59,171] - [INFO] - [Calculating Flow Direction '/out/fill_DEM.tif'...]
[2025-03-27 09:42:59,632] - [INFO] - [done.]
[2025-03-27 09:42:59,632] - [INFO] - [Stream Extraction from '/out/flow_accumulation.tif'...]
[2025-03-27 09:43:00,199] - [INFO] - [done.]
[2025-03-27 09:43:00,199] - [INFO] - [Hillslope Extraction from  '/out/flow_direction.tif'...]
[2025-03-27 09:43:01,339] - [INFO] - [done.]
[2025-03-27 09:43:01,339] - [INFO] - [ Distance and Elevation from River '/out/streams.tif'...]
[2025-03-27 09:43:03,695] - [INFO] - [done.]
[2025-03-27 09:47:51,042] - [INFO] - [Filling depressions in DEM '/in/schwebich_dem.tif'...]
[2025-03-27 09:47:51,831] - [INFO] - [done.]
[2025-03-27 09:47:51,832] - [INFO] - [Calculating Slope Aspect in DEM '/out/fill_DEM.tif'...]
[2025-03-27 09:47:52,439] - [INFO] - [done.]
[2025-03-27 09:47:52,439] - [INFO] - [Calculating Flow Accumulation  DEM '/out/fill_DEM.tif'...]
[2025-03-27 09:47:53,065] - [INFO] - [done.]
[2025-03-27 09:47:53,065] - [INFO] - [Calculating Flow Direction '/out/fill_DEM.tif'...]
[2025-03-27 09:47:53,506] - [INFO] - [done.]
[2025-03-27 09:47:53,506] - [INFO] - [Stream Extraction from '/out/flow_accumulation.tif'...]
[2025-03-27 09:47:54,074] - [INFO] - [done.]
[2025-03-27 09:47:54,074] - [INFO] - [Hillslope Extraction from  '/out/flow_direction.tif'...]
[2025-03-27 09:47:55,198] - [INFO] - [done.]
[2025-03-27 09:47:55,199] - [INFO] - [ Distance and Elevation from River '/out/streams.tif'...]
[2025-03-27 09:47:57,619] - [INFO] - [done.]
